# the key solution
- gdb вѓ┤ВЌљВёю zero flagвЦ╝ 1вАю ВёцВаЋьЋўВЌг jneвЦ╝ ьєхЖ│╝ьЋўвЈёвАЮ ьЋювІц?
  - Ж░ЉВъљЖИ░ broken pipe вгИВаюЖ░ђ ВЃЮЖ▓еВёю Вёюв▓ёВЌљВёю ьіЋЖ▓евѓўВЎћвІц. ВЋёВДЂ Вё▒Ж│хьЋўВДђ вф╗ьЋе.

- ВаЋВЃЂВаЂВЮИ ВъЁваЦВЮё Вцё Вѕў Въѕвіћ ьєхвАюЖ░ђ welcomeВЮў nameв│ђВѕў в┐љВЮ┤вІц. ВЮ┤Ж▒И Ж░ђВДђЖ│а loginВЮў passcode1, passcode2ВЌљ Ж░њВЮё Вцё Вѕў ВъѕВЮёЖ╣ї?
  - ВёювАю вІцвЦИ ьЋеВѕўВЮИвЇ░... Вќ┤В╣┤вѕё
  - welcomeВЮ┤ в░ўьЎўвљўЖ│а вѓўВёю ВЏљвъў nameВЮ┤ВЌѕвЇў вЕћвфевдг ВўЂВЌГВЌљ passcode1, passcode2Ж░ђ ВаЋВЮўвљювІц. nameВЮў Ж░њвЊцВЮ┤ ВЊ░ваѕЖИ░Ж░њВю╝вАю вѓеВЋёВъѕвІц.
  - name вЕћвфевдг ВўЂВЌГ вѓ┤ВЌљВёю passcode1, passcode2Ж░ђ Вќ┤вћћВЌљ ВюёВ╣ўьЋаВДђ Ж│ёВѓ░ьЋўЖ│а ЖиИ ВюёВ╣ўВЌљ 123456, 13371337ВЮё ВЊ░вЕ┤ вљювІц.

**executable format**
- ELF32
- В░ИЖ│а: SYSTEM V APPLICATION BINARY INTERFACE - Intel386 Architecture Processor Supplement
```
passcode@ubuntu:~$ readelf -h passcode
ELF Header:
  Magic:   7f 45 4c 46 01 01 01 00 00 00 00 00 00 00 00 00
  Class:                             ELF32
  Data:                              2's complement, little endian
  Version:                           1 (current)
  OS/ABI:                            UNIX - System V
  ABI Version:                       0
  Type:                              EXEC (Executable file)
  Machine:                           Intel 80386
  Version:                           0x1
  Entry point address:               0x80490e0
  Start of program headers:          52 (bytes into file)
  Start of section headers:          14072 (bytes into file)
  Flags:                             0x0
  Size of this header:               52 (bytes)
  Size of program headers:           32 (bytes)
  Number of program headers:         11
  Size of section headers:           40 (bytes)
  Number of section headers:         29
  Section header string table index: 28
```

**welcome dump**
```asm
pwndbg> disassemble welcome
Dump of assembler code for function welcome:
   0x080492f2 <+0>:	push   ebp
   0x080492f3 <+1>:	mov    ebp,esp
   0x080492f5 <+3>:	push   ebx
   0x080492f6 <+4>:	sub    esp,0x74
   0x080492f9 <+7>:	call   0x8049130 <__x86.get_pc_thunk.bx>
   0x080492fe <+12>:	add    ebx,0x2d02
   0x08049304 <+18>:	mov    eax,gs:0x14
   0x0804930a <+24>:	mov    DWORD PTR [ebp-0xc],eax
   0x0804930d <+27>:	xor    eax,eax
   0x0804930f <+29>:	sub    esp,0xc
   0x08049312 <+32>:	lea    eax,[ebx-0x1f9d]
   0x08049318 <+38>:	push   eax
   0x08049319 <+39>:	call   0x8049050 <printf@plt>
   ; esp = ebp - 0x74 + 0x10 = ebp - 0x64 = ebp - 100
   0x0804931e <+44>:	add    esp,0x10
   ; esp - 0x8 = ebp - 100 - 8 = ebp - 108
   ; 8B Ж│хЖ░ё вЇћ вДѕваеьЋе.
   ; name(ВБ╝Вєї, 8B)ВЮё ВађВъЦьЋа Ж│хЖ░ёВЮИЖ░ђ, ВЋёвІѕ ВБ╝Вєївіћ 4B.
   ; вєЅ. ЖиИвЃЦ alignВџЕВЮИ вЊ». ВЋёвъў ВцёВЌљВёю 4в░ћВЮ┤ьіИ pushьЋўвІѕЖ╣ї.
   ; word align (word=4B, Жх│ВЮ┤ ьЋёВџћВЌєВќ┤ в│┤ВЮ┤віћвЇ░..)
   0x08049321 <+47>:	sub    esp,0x8
   ; ebp - 0x70ВЌљВёю 4B ВЮйВќ┤ ВіцьЃЮВЌљ ьЉИВІюьЋювІц.
   ; esp = ebp - 100, push -> esp = ebp - 108 - 4 = ebp - 112
   ; -> esp = ebp - 0x70
   ; ВЌљВЌљ ЖиИвЃЦ ЖиИ ВъљвдгВЌљ вўЉЖ░ЎВЮђ Ж▒░ pushьЋю Ж▒░вёц
   ; lea: вЇ░ВЮ┤ьё░Ж░ђ ВађВъЦвљю ВюёВ╣ўВЮў ВБ╝Вєї Ж│ёВѓ░. cВќИВќ┤ВЮў &ВЌ░Вѓ░Ж│╝ вЈЎВЮ╝.
   ; int *p = ebp - 0x70; int *eax = &(*p); ВЮ┤Ж▓ЃЖ│╝ в╣ёВіиьЋўвІц.
   0x08049324 <+50>:	lea    eax,[ebp-0x70]
   0x08049327 <+53>:	push   eax
   ; <abi386>
   ; ebx -> holds GOT(Global Offset Table) base address
   ; string literalЖ│╝ Ж░ЎВЮђ global dataВЌљ ВаЉЖи╝ьЋўЖИ░ ВюёьЋю ВџЕвЈёвАю ВѓгВџЕвље.
   0x08049328 <+54>:	lea    eax,[ebx-0x1f8b]
   0x0804932e <+60>:	push   eax
   ; argument words are pushed to stack
   ; the rightmost argument has the highest address
   ; Ж░ђВъЦ ВхюЖи╝ВЌљ pushвљю global data -> format string
   ; ЖиИ ВаёВЌљ pushвљю [ebp - 0x70]
   0x0804932f <+61>:	call   0x80490d0 <__isoc99_scanf@plt>
   ;
   0x08049334 <+66>:	add    esp,0x10
   0x08049337 <+69>:	sub    esp,0x8
   0x0804933a <+72>:	lea    eax,[ebp-0x70]
   0x0804933d <+75>:	push   eax
   0x0804933e <+76>:	lea    eax,[ebx-0x1f85]
   0x08049344 <+82>:	push   eax
   0x08049345 <+83>:	call   0x8049050 <printf@plt>
   0x0804934a <+88>:	add    esp,0x10
   0x0804934d <+91>:	nop
   0x0804934e <+92>:	mov    eax,DWORD PTR [ebp-0xc]
   0x08049351 <+95>:	sub    eax,DWORD PTR gs:0x14
   0x08049358 <+102>:	je     0x804935f <welcome+109>
   0x0804935a <+104>:	call   0x80493c0 <__stack_chk_fail_local>
   0x0804935f <+109>:	mov    ebx,DWORD PTR [ebp-0x4]
   0x08049362 <+112>:	leave
   0x08049363 <+113>:	ret
End of assembler dump.
```

**login dump**
```asm
pwndbg> disassemble login
Dump of assembler code for function login:
   0x080491f6 <+0>:	push   ebp
   0x080491f7 <+1>:	mov    ebp,esp
   0x080491f9 <+3>:	push   esi
   0x080491fa <+4>:	push   ebx
   0x080491fb <+5>:	sub    esp,0x10
   0x080491fe <+8>:	call   0x8049130 <__x86.get_pc_thunk.bx>
   0x08049203 <+13>:	add    ebx,0x2dfd
   0x08049209 <+19>:	sub    esp,0xc
   0x0804920c <+22>:	lea    eax,[ebx-0x1ff8]
   0x08049212 <+28>:	push   eax
   0x08049213 <+29>:	call   0x8049050 <printf@plt>
   0x08049218 <+34>:	add    esp,0x10
   0x0804921b <+37>:	sub    esp,0x8
   0x0804921e <+40>:	push   DWORD PTR [ebp-0x10]
   0x08049221 <+43>:	lea    eax,[ebx-0x1fe5]
   0x08049227 <+49>:	push   eax
   0x08049228 <+50>:	call   0x80490d0 <__isoc99_scanf@plt>
   0x0804922d <+55>:	add    esp,0x10
   0x08049230 <+58>:	mov    eax,DWORD PTR [ebx-0x4]
   0x08049236 <+64>:	mov    eax,DWORD PTR [eax]
   0x08049238 <+66>:	sub    esp,0xc
   0x0804923b <+69>:	push   eax
   0x0804923c <+70>:	call   0x8049060 <fflush@plt>
   0x08049241 <+75>:	add    esp,0x10
   0x08049244 <+78>:	sub    esp,0xc
   0x08049247 <+81>:	lea    eax,[ebx-0x1fe2]
   0x0804924d <+87>:	push   eax
   0x0804924e <+88>:	call   0x8049050 <printf@plt>
   0x08049253 <+93>:	add    esp,0x10
   0x08049256 <+96>:	sub    esp,0x8
   0x08049259 <+99>:	push   DWORD PTR [ebp-0xc]
   0x0804925c <+102>:	lea    eax,[ebx-0x1fe5]
   0x08049262 <+108>:	push   eax
   0x08049263 <+109>:	call   0x80490d0 <__isoc99_scanf@plt>
   0x08049268 <+114>:	add    esp,0x10
   0x0804926b <+117>:	sub    esp,0xc
   0x0804926e <+120>:	lea    eax,[ebx-0x1fcf]
   0x08049274 <+126>:	push   eax
   0x08049275 <+127>:	call   0x8049090 <puts@plt>
   0x0804927a <+132>:	add    esp,0x10
   0x0804927d <+135>:	cmp    DWORD PTR [ebp-0x10],0x1e240
   0x08049284 <+142>:	jne    0x80492ce <login+216>
   0x08049286 <+144>:	cmp    DWORD PTR [ebp-0xc],0xcc07c9
   0x0804928d <+151>:	jne    0x80492ce <login+216>
   0x0804928f <+153>:	sub    esp,0xc
   0x08049292 <+156>:	lea    eax,[ebx-0x1fc3]
   0x08049298 <+162>:	push   eax
   0x08049299 <+163>:	call   0x8049090 <puts@plt>
   0x0804929e <+168>:	add    esp,0x10
   0x080492a1 <+171>:	call   0x8049080 <getegid@plt>
   0x080492a6 <+176>:	mov    esi,eax
   0x080492a8 <+178>:	call   0x8049080 <getegid@plt>
   0x080492ad <+183>:	sub    esp,0x8
   0x080492b0 <+186>:	push   esi
   0x080492b1 <+187>:	push   eax
   0x080492b2 <+188>:	call   0x80490c0 <setregid@plt>
   0x080492b7 <+193>:	add    esp,0x10
   0x080492ba <+196>:	sub    esp,0xc
   0x080492bd <+199>:	lea    eax,[ebx-0x1fb9]
   0x080492c3 <+205>:	push   eax
   0x080492c4 <+206>:	call   0x80490a0 <system@plt>
   0x080492c9 <+211>:	add    esp,0x10
   0x080492cc <+214>:	jmp    0x80492ea <login+244>
   0x080492ce <+216>:	sub    esp,0xc
   0x080492d1 <+219>:	lea    eax,[ebx-0x1fab]
   0x080492d7 <+225>:	push   eax
   0x080492d8 <+226>:	call   0x8049090 <puts@plt>
   0x080492dd <+231>:	add    esp,0x10
   0x080492e0 <+234>:	sub    esp,0xc
   0x080492e3 <+237>:	push   0x0
   0x080492e5 <+239>:	call   0x80490b0 <exit@plt>
   0x080492ea <+244>:	nop
   0x080492eb <+245>:	lea    esp,[ebp-0x8]
   0x080492ee <+248>:	pop    ebx
   0x080492ef <+249>:	pop    esi
   0x080492f0 <+250>:	pop    ebp
   0x080492f1 <+251>:	ret
End of assembler dump.
```
## address of each variable
- вЉљ ьЋеВѕўВЮў ebpвіћ вфевЉљ ьЋеВѕў ьўИВХю ВДЂьЏёВЮў espЖ░њВЮ┤вІц.
- вЉљ ьЋеВѕў ьўИВХю ВДЂьЏёВЌљ esp Ж░њВЮ┤ Ж░ЎвІцвЕ┤ вЉљ ebpвіћ ВёювАю Ж░ЎвІц.

**mainВЌљВёю welcome, loginВЮё ьўИВХюьЋўвіћ вХђвХё**
```asm
   0x08049390 <+44>:	call   0x80492f2 <welcome>
   0x08049395 <+49>:	call   0x80491f6 <login>
```
- welcome в░ўьЎў ьЏёВЌљ ВіцьЃЮВЌљ в│ђьЎћвЦ╝ ВБ╝ВДђ ВЋівіћвІц. вЉљ ьЋеВѕўВЮў ьўИВХю ВДЂьЏё espЖ░њВЮђ вЈЎВЮ╝ьЋўвІц.

**func welcome:**
- name: ebp - 0x70

**func login:**
- passcode1: ebp - 0x10
- passcode2: ebp - 0x0c

**nameВЮё ЖИ░ВцђВю╝вАю вЉљЖ│а passcode1, passcode2Ж░ђ вља ВюёВ╣ўВЌљ Ж░њ ВЊ░ЖИ░**
- passcode1: ebp - 0x10 = ebp - 0x70 + 0x60 = name + 96
- passcode2: ebp - 0x0c = ebp - 0x70 + 0x64 = name + 100

**welcome: scanf ьўИВХю в░ЕВІЮ**
`scanf("%100s", name);`

**ВъЁваЦ вЇ░ВЮ┤ьё░**
- 96B: ВЋёвг┤ Ж░њ, 4B: 123456(passcode1), 4B: 1337133(passcode2).
- 100Bвіћ ве╝Вађ scanf вѓ┤вХђ в▓ёьЇ╝ВЌљ ВађВъЦвљўЖ│а, nameВЌљ ВађВъЦьЋўвЕ┤Вёю Вєїв╣ёвљювІц.
  - 123456 = 0x0001e240 -> 40 e2 01 00 (ЖиђВІаЖ░ЎВЮ┤ вДѕВДђвДЅВЌљ \0вАю вЂЮвѓювІц...)
  - \0ВЮё ВЮйВЌѕВю╝вІѕ EOF? вєЅ. \0ВЮ┤въЉ EOFвъЉ вІцвЦ┤вІц. \0 ьЈгьЋеьЋ┤Вёю white-space вѓўВўцЖИ░ ВаёЖ╣їВДђ ВЮйВЮё Вѕў ВъѕвІц.
- 100B В▓ўвдгьЋўЖ│а вѓўВёю ьїїВЮ╝ ьЈгВЮИьё░віћ passcode2 вХђвХёВЮё Ж░ђвдгьѓевІц.
- passcode2віћ Вќ┤вќ╗Ж▓ї ВЊ░вЃљ ьЋў...
```asm
pwndbg> x $ebp - 0x10
0xff920078:	0x0001e240
pwndbg> x $ebp - 0xc
0xff92007c:	0x47906d00
```
- passcode2 ВЋѕвљювІцЖ│а ВЋѕвљювІцЖ│а сЁюсЁюсЁю
